<?xml version="1.0" encoding="UTF-8"?>
<!-- Generated by org.testng.reporters.JUnitXMLReporter -->
<testsuite hostname="H5CG7511SFY" ignored="0" name="Sanity Test suite" tests="5" failures="0" timestamp="29 Oct 2018 15:25:08 GMT" time="149.125" errors="0">
  <testcase name="additionTest" time="27.524" classname="mobiletests.SanityTest"/>
  <testcase name="additionTest" time="16.921" classname="mobiletests.SanityTest"/>
  <testcase name="subtractionTest" time="17.143" classname="mobiletests.SanityTest"/>
  <testcase name="multiplicationTest" time="19.915" classname="mobiletests.SanityTest"/>
  <testcase name="divisionTest" time="16.906" classname="mobiletests.SanityTest"/>
</testsuite> <!-- Sanity Test suite -->
