<?xml version="1.0" encoding="UTF-8"?>
<!-- Generated by org.testng.reporters.JUnitXMLReporter -->
<testsuite hostname="H5CG7511SFY" ignored="0" name="Sanity Test suite" tests="4" failures="0" timestamp="29 Oct 2018 09:52:23 GMT" time="0.316" errors="0">
  <testcase name="@BeforeClass initialiseDriver" time="0.014" classname="base.BaseTest">
    <failure type="java.lang.NullPointerException">
      <![CDATA[java.lang.NullPointerException
at util.PropertyFileReader.loadPropertyFile(PropertyFileReader.java:19)
at base.BaseTest.setDesiredCapabilities(BaseTest.java:38)
at base.BaseTest.initialiseDriver(BaseTest.java:24)
... Removed 26 stack frames]]>
    </failure>
  </testcase> <!-- @BeforeClass initialiseDriver -->
  <testcase name="@AfterClass tearDown" time="0.0" classname="base.BaseTest">
    <skipped/>
  </testcase> <!-- @AfterClass tearDown -->
  <testcase name="additionTest" time="0.0" classname="mobiletests.SanityTest">
    <skipped/>
  </testcase> <!-- additionTest -->
  <testcase name="subtractionTest" time="0.0" classname="mobiletests.SanityTest">
    <skipped/>
  </testcase> <!-- subtractionTest -->
  <testcase name="multiplicationTest" time="0.0" classname="mobiletests.SanityTest">
    <skipped/>
  </testcase> <!-- multiplicationTest -->
  <testcase name="divisionTest" time="0.0" classname="mobiletests.SanityTest">
    <skipped/>
  </testcase> <!-- divisionTest -->
</testsuite> <!-- Sanity Test suite -->
